{"timestamp":1759445638058,"level":"INFO","message":"Starting a fresh connection procedure.","user":"Jaiyenyen","room":"facaabe2-de14-469a-9cef-73ddfa93e2ef"}
{"timestamp":1759445638285,"level":"ERROR","message":"PeerJS Error: Error: Lost connection to server.\n    at e1.emitError (https:\/\/unpkg.com\/peerjs@1.5.2\/dist\/peerjs.min.js:7:18966)\n    at eJ.<anonymous> (https:\/\/unpkg.com\/peerjs@1.5.2\/dist\/peerjs.min.js:7:27497)\n    at eN.emit (https:\/\/unpkg.com\/peerjs@1.5.2\/dist\/peerjs.min.js:7:3533)\n    at _socket._disconnected._socket.onclose (https:\/\/unpkg.com\/peerjs@1.5.2\/dist\/peerjs.min.js:7:12720)","user":"Jaiyenyen","room":"facaabe2-de14-469a-9cef-73ddfa93e2ef"}
{"timestamp":1759445638289,"level":"WARN","message":"Connection to PeerJS server lost. Attempting a full reconnect...","user":"Jaiyenyen","room":"facaabe2-de14-469a-9cef-73ddfa93e2ef"}
{"timestamp":1759445642653,"level":"INFO","message":"Executing full reconnect procedure now.","user":"Jaiyenyen","room":"facaabe2-de14-469a-9cef-73ddfa93e2ef"}
{"timestamp":1759445642656,"level":"ERROR","message":"Peer connection was permanently closed. Triggering reconnect logic.","user":"Jaiyenyen","room":"facaabe2-de14-469a-9cef-73ddfa93e2ef"}
{"timestamp":1759445642655,"level":"INFO","message":"Starting a fresh connection procedure.","user":"Jaiyenyen","room":"facaabe2-de14-469a-9cef-73ddfa93e2ef"}
{"timestamp":1759445642866,"level":"ERROR","message":"PeerJS Error: Error: Lost connection to server.\n    at e1.emitError (https:\/\/unpkg.com\/peerjs@1.5.2\/dist\/peerjs.min.js:7:18966)\n    at eJ.<anonymous> (https:\/\/unpkg.com\/peerjs@1.5.2\/dist\/peerjs.min.js:7:27497)\n    at eN.emit (https:\/\/unpkg.com\/peerjs@1.5.2\/dist\/peerjs.min.js:7:3533)\n    at _socket._disconnected._socket.onclose (https:\/\/unpkg.com\/peerjs@1.5.2\/dist\/peerjs.min.js:7:12720)","user":"Jaiyenyen","room":"facaabe2-de14-469a-9cef-73ddfa93e2ef"}
{"timestamp":1759445657853,"level":"INFO","message":"Starting a fresh connection procedure.","user":"Jaiyenyen","room":"facaabe2-de14-469a-9cef-73ddfa93e2ef"}
{"timestamp":1759445658049,"level":"WARN","message":"Connection to PeerJS server lost. Attempting a full reconnect...","user":"Jaiyenyen","room":"facaabe2-de14-469a-9cef-73ddfa93e2ef"}
{"timestamp":1759445658047,"level":"ERROR","message":"PeerJS Error: Error: Lost connection to server.\n    at e1.emitError (https:\/\/unpkg.com\/peerjs@1.5.2\/dist\/peerjs.min.js:7:18966)\n    at eJ.<anonymous> (https:\/\/unpkg.com\/peerjs@1.5.2\/dist\/peerjs.min.js:7:27497)\n    at eN.emit (https:\/\/unpkg.com\/peerjs@1.5.2\/dist\/peerjs.min.js:7:3533)\n    at _socket._disconnected._socket.onclose (https:\/\/unpkg.com\/peerjs@1.5.2\/dist\/peerjs.min.js:7:12720)","user":"Jaiyenyen","room":"facaabe2-de14-469a-9cef-73ddfa93e2ef"}
{"timestamp":1759445662279,"level":"INFO","message":"Executing full reconnect procedure now.","user":"Jaiyenyen","room":"facaabe2-de14-469a-9cef-73ddfa93e2ef"}
{"timestamp":1759445662283,"level":"ERROR","message":"Peer connection was permanently closed. Triggering reconnect logic.","user":"Jaiyenyen","room":"facaabe2-de14-469a-9cef-73ddfa93e2ef"}
{"timestamp":1759445662281,"level":"INFO","message":"Starting a fresh connection procedure.","user":"Jaiyenyen","room":"facaabe2-de14-469a-9cef-73ddfa93e2ef"}
{"timestamp":1759445662481,"level":"ERROR","message":"PeerJS Error: Error: Lost connection to server.\n    at e1.emitError (https:\/\/unpkg.com\/peerjs@1.5.2\/dist\/peerjs.min.js:7:18966)\n    at eJ.<anonymous> (https:\/\/unpkg.com\/peerjs@1.5.2\/dist\/peerjs.min.js:7:27497)\n    at eN.emit (https:\/\/unpkg.com\/peerjs@1.5.2\/dist\/peerjs.min.js:7:3533)\n    at _socket._disconnected._socket.onclose (https:\/\/unpkg.com\/peerjs@1.5.2\/dist\/peerjs.min.js:7:12720)","user":"Jaiyenyen","room":"facaabe2-de14-469a-9cef-73ddfa93e2ef"}
{"timestamp":1759445744999,"level":"INFO","message":"Starting a fresh connection procedure.","user":"Jaiyenyen","room":"facaabe2-de14-469a-9cef-73ddfa93e2ef"}
{"timestamp":1759445754873,"level":"INFO","message":"Starting a fresh connection procedure.","user":"Jaiyenyen","room":"facaabe2-de14-469a-9cef-73ddfa93e2ef"}
{"timestamp":1759445755537,"level":"ERROR","message":"PeerJS Error: Error: Lost connection to server.\n    at e1.emitError (https:\/\/unpkg.com\/peerjs@1.5.2\/dist\/peerjs.min.js:7:18966)\n    at eJ.<anonymous> (https:\/\/unpkg.com\/peerjs@1.5.2\/dist\/peerjs.min.js:7:27497)\n    at eN.emit (https:\/\/unpkg.com\/peerjs@1.5.2\/dist\/peerjs.min.js:7:3533)\n    at _socket._disconnected._socket.onclose (https:\/\/unpkg.com\/peerjs@1.5.2\/dist\/peerjs.min.js:7:12720)","user":"Jaiyenyen","room":"facaabe2-de14-469a-9cef-73ddfa93e2ef"}
{"timestamp":1759445755539,"level":"WARN","message":"Connection to PeerJS server lost. Attempting a full reconnect...","user":"Jaiyenyen","room":"facaabe2-de14-469a-9cef-73ddfa93e2ef"}
{"timestamp":1759445759800,"level":"INFO","message":"Executing full reconnect procedure now.","user":"Jaiyenyen","room":"facaabe2-de14-469a-9cef-73ddfa93e2ef"}
{"timestamp":1759445759802,"level":"INFO","message":"Starting a fresh connection procedure.","user":"Jaiyenyen","room":"facaabe2-de14-469a-9cef-73ddfa93e2ef"}
{"timestamp":1759445759803,"level":"ERROR","message":"Peer connection was permanently closed. Triggering reconnect logic.","user":"Jaiyenyen","room":"facaabe2-de14-469a-9cef-73ddfa93e2ef"}
{"timestamp":1759445760527,"level":"ERROR","message":"PeerJS Error: Error: Lost connection to server.\n    at e1.emitError (https:\/\/unpkg.com\/peerjs@1.5.2\/dist\/peerjs.min.js:7:18966)\n    at eJ.<anonymous> (https:\/\/unpkg.com\/peerjs@1.5.2\/dist\/peerjs.min.js:7:27497)\n    at eN.emit (https:\/\/unpkg.com\/peerjs@1.5.2\/dist\/peerjs.min.js:7:3533)\n    at _socket._disconnected._socket.onclose (https:\/\/unpkg.com\/peerjs@1.5.2\/dist\/peerjs.min.js:7:12720)","user":"Jaiyenyen","room":"facaabe2-de14-469a-9cef-73ddfa93e2ef"}
{"timestamp":1759445766712,"level":"INFO","message":"Starting a fresh connection procedure.","user":"Jaiyenyen","room":"facaabe2-de14-469a-9cef-73ddfa93e2ef"}
{"timestamp":1759445870095,"level":"INFO","message":"Starting a fresh connection procedure.","user":"Jaiyenyen","room":"facaabe2-de14-469a-9cef-73ddfa93e2ef"}
